2022-12-26 01:17:10,484 - INFO - /scripts/widgets/bookmarks/bookmarks.js
2022-12-26 01:17:11,806 - INFO - /images/plus.svg
2022-12-26 01:17:11,890 - INFO - /images/move.svg
2022-12-26 01:17:11,929 - INFO - /images/expand.svg
2022-12-26 01:17:11,947 - INFO - /images/edit.svg
2022-12-26 01:17:11,967 - INFO - /images/trash.svg
2022-12-26 01:17:14,740 - INFO - /images/expandBLACK.svg
2022-12-26 01:17:17,041 - INFO - /get-page-title?url=https%3A%2F%2Ftwitter.com%2F&userAgent=Mozilla%2F5.0%20(Windows%20NT%2010.0%3B%20Win64%3B%20x64%3B%20rv%3A108.0)%20Gecko%2F20100101%20Firefox%2F108.0
2022-12-26 01:17:17,042 - INFO - {'url': ['https://twitter.com/'], 'userAgent': ['Mozilla/5.0 (Windows NT 10.0; Win64; x64; rv:108.0) Gecko/20100101 Firefox/108.0']}
2022-12-26 01:17:17,042 - INFO - /get-page-title?url=https%3A%2F%2Ftwitter.com%2F&userAgent=Mozilla%2F5.0%20(Windows%20NT%2010.0%3B%20Win64%3B%20x64%3B%20rv%3A108.0)%20Gecko%2F20100101%20Firefox%2F108.0 entered the page title search with url : https://twitter.com/
2022-12-26 01:17:17,042 - INFO - User agent : Mozilla/5.0 (Windows NT 10.0; Win64; x64; rv:108.0) Gecko/20100101 Firefox/108.0 was used
2022-12-26 01:17:17,421 - ERROR - 'NoneType' object has no attribute 'encode'
2022-12-26 01:17:20,083 - INFO - /get-page-title?url=https%3A%2F%2Ftwitch.tv%2Fdirectory&userAgent=Mozilla%2F5.0%20(Windows%20NT%2010.0%3B%20Win64%3B%20x64%3B%20rv%3A108.0)%20Gecko%2F20100101%20Firefox%2F108.0
2022-12-26 01:17:20,083 - INFO - {'url': ['https://twitch.tv/directory'], 'userAgent': ['Mozilla/5.0 (Windows NT 10.0; Win64; x64; rv:108.0) Gecko/20100101 Firefox/108.0']}
2022-12-26 01:17:20,083 - INFO - /get-page-title?url=https%3A%2F%2Ftwitch.tv%2Fdirectory&userAgent=Mozilla%2F5.0%20(Windows%20NT%2010.0%3B%20Win64%3B%20x64%3B%20rv%3A108.0)%20Gecko%2F20100101%20Firefox%2F108.0 entered the page title search with url : https://twitch.tv/directory
2022-12-26 01:17:20,083 - INFO - User agent : Mozilla/5.0 (Windows NT 10.0; Win64; x64; rv:108.0) Gecko/20100101 Firefox/108.0 was used
2022-12-26 01:17:20,191 - INFO - b'Twitch'
2022-12-26 01:17:22,466 - INFO - /get-page-title?url=https%3A%2F%2F4chan.org%2Fv&userAgent=Mozilla%2F5.0%20(Windows%20NT%2010.0%3B%20Win64%3B%20x64%3B%20rv%3A108.0)%20Gecko%2F20100101%20Firefox%2F108.0
2022-12-26 01:17:22,467 - INFO - {'url': ['https://4chan.org/v'], 'userAgent': ['Mozilla/5.0 (Windows NT 10.0; Win64; x64; rv:108.0) Gecko/20100101 Firefox/108.0']}
2022-12-26 01:17:22,467 - INFO - /get-page-title?url=https%3A%2F%2F4chan.org%2Fv&userAgent=Mozilla%2F5.0%20(Windows%20NT%2010.0%3B%20Win64%3B%20x64%3B%20rv%3A108.0)%20Gecko%2F20100101%20Firefox%2F108.0 entered the page title search with url : https://4chan.org/v
2022-12-26 01:17:22,467 - INFO - User agent : Mozilla/5.0 (Windows NT 10.0; Win64; x64; rv:108.0) Gecko/20100101 Firefox/108.0 was used
2022-12-26 01:17:23,032 - INFO - b'/v/ - Video Games - 4chan'
2022-12-26 01:17:44,231 - INFO - /get-page-title?url=https%3A%2F%2Fguidetojapanese.org%2Flearn%2F&userAgent=Mozilla%2F5.0%20(Windows%20NT%2010.0%3B%20Win64%3B%20x64%3B%20rv%3A108.0)%20Gecko%2F20100101%20Firefox%2F108.0
2022-12-26 01:17:44,231 - INFO - {'url': ['https://guidetojapanese.org/learn/'], 'userAgent': ['Mozilla/5.0 (Windows NT 10.0; Win64; x64; rv:108.0) Gecko/20100101 Firefox/108.0']}
2022-12-26 01:17:44,231 - INFO - /get-page-title?url=https%3A%2F%2Fguidetojapanese.org%2Flearn%2F&userAgent=Mozilla%2F5.0%20(Windows%20NT%2010.0%3B%20Win64%3B%20x64%3B%20rv%3A108.0)%20Gecko%2F20100101%20Firefox%2F108.0 entered the page title search with url : https://guidetojapanese.org/learn/
2022-12-26 01:17:44,231 - INFO - User agent : Mozilla/5.0 (Windows NT 10.0; Win64; x64; rv:108.0) Gecko/20100101 Firefox/108.0 was used
2022-12-26 01:17:44,611 - INFO - b"Learn Japanese \xe2\x80\x93 Tae Kim's Guide to Learning Japanese"
